<?xml version="1.0" encoding="UTF-8"?>
<testsuite name="Verificacion de servicios" tests="4" skipped="0" failures="0" errors="0" timestamp="2022-03-22T01:41:18" hostname="LENOVO-PC" time="26.071">
  <properties/>
  <testcase name="Registro de usuario existoso" classname="Verificacion de servicios" time="18.369"/>
  <testcase name="Validacion de usuario existente #1" classname="Verificacion de servicios" time="5.63"/>
  <testcase name="Validacion de usuario existente #2" classname="Verificacion de servicios" time="1.321"/>
  <testcase name="Validacion de usuario existente #3" classname="Verificacion de servicios" time="0.75"/>
  <system-out><![CDATA[2022-03-21 20:41:31 INFO  ServiceValidationStepRunner:59 Register Successful Section
{
    "id": 4,
    "token": "QpwL5tke4Pnpja7X4"
}
2022-03-21 20:41:42 INFO  ServiceValidationStepRunner:88 Email verification section
{
    "data": {
        "id": 5,
        "email": "charles.morris@reqres.in",
        "first_name": "Charles",
        "last_name": "Morris",
        "avatar": "https://reqres.in/img/faces/5-image.jpg"
    },
    "support": {
        "url": "https://reqres.in/#support-heading",
        "text": "To keep ReqRes free, contributions towards server costs are appreciated!"
    }
}
2022-03-21 20:41:44 INFO  ServiceValidationStepRunner:88 Email verification section
{
    "data": {
        "id": 8,
        "email": "lindsay.ferguson@reqres.in",
        "first_name": "Lindsay",
        "last_name": "Ferguson",
        "avatar": "https://reqres.in/img/faces/8-image.jpg"
    },
    "support": {
        "url": "https://reqres.in/#support-heading",
        "text": "To keep ReqRes free, contributions towards server costs are appreciated!"
    }
}
2022-03-21 20:41:44 INFO  ServiceValidationStepRunner:88 Email verification section
{
    "data": {
        "id": 10,
        "email": "byron.fields@reqres.in",
        "first_name": "Byron",
        "last_name": "Fields",
        "avatar": "https://reqres.in/img/faces/10-image.jpg"
    },
    "support": {
        "url": "https://reqres.in/#support-heading",
        "text": "To keep ReqRes free, contributions towards server costs are appreciated!"
    }
}
]]></system-out>
  <system-err><![CDATA[[Test worker] INFO io.cucumber.core.plugin.SerenityReporter - Running feature from file:///C:/Users/S410p%20Touch/Documents/5.GuardarLenguajes/Carpeta_Java/Sofka/RetoRestAssured/src/test/resources/features/servicevalidation.feature
[Test worker] INFO  - 
  _____   ___   ___   _____     ___   _____     _     ___   _____   ___   ___  
 |_   _| | __| / __| |_   _|   / __| |_   _|   /_\   | _ \ |_   _| | __| |   \ 
   | |   | _|  \__ \   | |     \__ \   | |    / _ \  |   /   | |   | _|  | |) |
   |_|   |___| |___/   |_|     |___/   |_|   /_/ \_\ |_|_\   |_|   |___| |___/ 

Registro de usuario existoso(verificacion-de-servicios;registro-de-usuario-existoso)
--------------------------------------------------------------------------------
[Test worker] INFO  - 
  _____   ___   ___   _____     ___     _     ___   ___   ___   ___  
 |_   _| | __| / __| |_   _|   | _ \   /_\   / __| / __| | __| |   \ 
   | |   | _|  \__ \   | |     |  _/  / _ \  \__ \ \__ \ | _|  | |) |
   |_|   |___| |___/   |_|     |_|   /_/ \_\ |___/ |___/ |___| |___/ 

Registro de usuario existoso
----------------------------------------------------------------------
[Test worker] INFO io.cucumber.core.plugin.SerenityReporter - Running feature from file:///C:/Users/S410p%20Touch/Documents/5.GuardarLenguajes/Carpeta_Java/Sofka/RetoRestAssured/src/test/resources/features/servicevalidation.feature
[Test worker] INFO  - 
  _____   ___   ___   _____     ___   _____     _     ___   _____   ___   ___  
 |_   _| | __| / __| |_   _|   / __| |_   _|   /_\   | _ \ |_   _| | __| |   \ 
   | |   | _|  \__ \   | |     \__ \   | |    / _ \  |   /   | |   | _|  | |) |
   |_|   |___| |___/   |_|     |___/   |_|   /_/ \_\ |_|_\   |_|   |___| |___/ 

Validacion de usuario existente(verificacion-de-servicios;validacion-de-usuario-existente)
--------------------------------------------------------------------------------
[Test worker] INFO  - 
  _____   ___   ___   _____     ___     _     ___   ___   ___   ___  
 |_   _| | __| / __| |_   _|   | _ \   /_\   / __| / __| | __| |   \ 
   | |   | _|  \__ \   | |     |  _/  / _ \  \__ \ \__ \ | _|  | |) |
   |_|   |___| |___/   |_|     |_|   /_/ \_\ |___/ |___/ |___| |___/ 

Validacion de usuario existente
----------------------------------------------------------------------
[Test worker] INFO io.cucumber.core.plugin.SerenityReporter - Running feature from file:///C:/Users/S410p%20Touch/Documents/5.GuardarLenguajes/Carpeta_Java/Sofka/RetoRestAssured/src/test/resources/features/servicevalidation.feature
[Test worker] INFO  - 
  _____   ___   ___   _____     ___     _     ___   ___   ___   ___  
 |_   _| | __| / __| |_   _|   | _ \   /_\   / __| / __| | __| |   \ 
   | |   | _|  \__ \   | |     |  _/  / _ \  \__ \ \__ \ | _|  | |) |
   |_|   |___| |___/   |_|     |_|   /_/ \_\ |___/ |___/ |___| |___/ 

Validacion de usuario existente
----------------------------------------------------------------------
[Test worker] INFO io.cucumber.core.plugin.SerenityReporter - Running feature from file:///C:/Users/S410p%20Touch/Documents/5.GuardarLenguajes/Carpeta_Java/Sofka/RetoRestAssured/src/test/resources/features/servicevalidation.feature
]]></system-err>
</testsuite>
